<?xml version="1.0" encoding="UTF-8"?>
<!-- Generated by org.testng.reporters.JUnitXMLReporter -->
<testsuite ignored="0" hostname="LTIN234012" failures="0" tests="14" name="Main" time="534.562" errors="0" timestamp="2024-02-15T12:20:09 IST">
  <testcase classname="testCases.TC_01CourseraPage" name="surveyvisibility" time="1.462"/>
  <testcase classname="testCases.TC_01CourseraPage" name="TitleVerification" time="0.825"/>
  <testcase classname="testCases.TC_02Webdevelopment" name="course_search" time="7.856"/>
  <testcase classname="testCases.TC_02Webdevelopment" name="level_select" time="1.766"/>
  <testcase classname="testCases.TC_02Webdevelopment" name="language_select" time="0.973"/>
  <testcase classname="testCases.TC_02Webdevelopment" name="ScrolluptoSearch" time="0.033"/>
  <testcase classname="testCases.TC_02Webdevelopment" name="firstcourseselect" time="2.673"/>
  <testcase classname="testCases.TC_02Webdevelopment" name="secondcourseselect" time="0.934"/>
  <testcase classname="testCases.TC_03LanguageLearning" name="search_Language" time="10.853"/>
  <testcase classname="testCases.TC_03LanguageLearning" name="show_FiveCourses" time="368.984"/>
  <testcase classname="testCases.TC_04FormFilling" name="Enterprise" time="14.176"/>
  <testcase classname="testCases.TC_04FormFilling" name="form" time="5.703"/>
  <testcase classname="testCases.TC_04FormFilling" name="startfillingform" time="10.352"/>
  <testcase classname="testCases.TC_04FormFilling" name="messageDisplay" time="2.121"/>
</testsuite> <!-- Main -->
