<?xml version="1.0" encoding="UTF-8"?>
<testng-results ignored="0" total="14" passed="14" failed="0" skipped="0">
  <reporter-output>
  </reporter-output>
  <suite started-at="2024-02-15T12:11:04 IST" name="Suite" finished-at="2024-02-15T12:19:58 IST" duration-ms="534562">
    <groups>
      <group name="regression">
        <method signature="TC_02Webdevelopment.course_search()[pri:3, instance:testCases.TC_02Webdevelopment@17f62e33]" name="course_search" class="testCases.TC_02Webdevelopment"/>
        <method signature="TC_02Webdevelopment.level_select()[pri:4, instance:testCases.TC_02Webdevelopment@17f62e33]" name="level_select" class="testCases.TC_02Webdevelopment"/>
        <method signature="TC_02Webdevelopment.language_select()[pri:5, instance:testCases.TC_02Webdevelopment@17f62e33]" name="language_select" class="testCases.TC_02Webdevelopment"/>
        <method signature="TC_02Webdevelopment.ScrolluptoSearch()[pri:6, instance:testCases.TC_02Webdevelopment@17f62e33]" name="ScrolluptoSearch" class="testCases.TC_02Webdevelopment"/>
        <method signature="TC_02Webdevelopment.firstcourseselect()[pri:7, instance:testCases.TC_02Webdevelopment@17f62e33]" name="firstcourseselect" class="testCases.TC_02Webdevelopment"/>
        <method signature="TC_02Webdevelopment.secondcourseselect()[pri:8, instance:testCases.TC_02Webdevelopment@17f62e33]" name="secondcourseselect" class="testCases.TC_02Webdevelopment"/>
      </group> <!-- regression -->
      <group name="sanity">
        <method signature="TC_01CourseraPage.surveyvisibility()[pri:1, instance:testCases.TC_01CourseraPage@2eae8e6e]" name="surveyvisibility" class="testCases.TC_01CourseraPage"/>
        <method signature="TC_01CourseraPage.TitleVerification()[pri:2, instance:testCases.TC_01CourseraPage@2eae8e6e]" name="TitleVerification" class="testCases.TC_01CourseraPage"/>
      </group> <!-- sanity -->
      <group name="testcase">
        <method signature="TC_04FormFilling.Enterprise()[pri:11, instance:testCases.TC_04FormFilling@27406a17]" name="Enterprise" class="testCases.TC_04FormFilling"/>
        <method signature="TC_04FormFilling.form()[pri:12, instance:testCases.TC_04FormFilling@27406a17]" name="form" class="testCases.TC_04FormFilling"/>
        <method signature="TC_04FormFilling.startfillingform()[pri:13, instance:testCases.TC_04FormFilling@27406a17]" name="startfillingform" class="testCases.TC_04FormFilling"/>
        <method signature="TC_04FormFilling.messageDisplay()[pri:14, instance:testCases.TC_04FormFilling@27406a17]" name="messageDisplay" class="testCases.TC_04FormFilling"/>
      </group> <!-- testcase -->
      <group name="master">
        <method signature="TC_03LanguageLearning.search_Language()[pri:9, instance:testCases.TC_03LanguageLearning@76b1e9b8]" name="search_Language" class="testCases.TC_03LanguageLearning"/>
        <method signature="TC_03LanguageLearning.show_FiveCourses()[pri:10, instance:testCases.TC_03LanguageLearning@76b1e9b8]" name="show_FiveCourses" class="testCases.TC_03LanguageLearning"/>
      </group> <!-- master -->
    </groups>
    <test started-at="2024-02-15T12:11:04 IST" name="Main" finished-at="2024-02-15T12:19:58 IST" duration-ms="534562">
      <class name="testCases.TC_04FormFilling">
        <test-method is-config="true" signature="setup(java.lang.String,java.lang.String)[pri:0, instance:testCases.TC_04FormFilling@27406a17]" started-at="2024-02-15T12:19:00 IST" name="setup" finished-at="2024-02-15T12:19:22 IST" duration-ms="22000" status="PASS">
          <params>
            <param index="0">
              <value>
                <![CDATA[windows]]>
              </value>
            </param>
            <param index="1">
              <value>
                <![CDATA[edge]]>
              </value>
            </param>
          </params>
          <reporter-output>
          </reporter-output>
        </test-method> <!-- setup -->
        <test-method signature="Enterprise()[pri:11, instance:testCases.TC_04FormFilling@27406a17]" started-at="2024-02-15T12:19:22 IST" name="Enterprise" finished-at="2024-02-15T12:19:37 IST" duration-ms="14176" status="PASS">
          <reporter-output>
          </reporter-output>
        </test-method> <!-- Enterprise -->
        <test-method signature="form()[pri:12, instance:testCases.TC_04FormFilling@27406a17]" started-at="2024-02-15T12:19:37 IST" name="form" finished-at="2024-02-15T12:19:43 IST" duration-ms="5703" status="PASS">
          <reporter-output>
          </reporter-output>
        </test-method> <!-- form -->
        <test-method signature="startfillingform()[pri:13, instance:testCases.TC_04FormFilling@27406a17]" started-at="2024-02-15T12:19:44 IST" name="startfillingform" finished-at="2024-02-15T12:19:54 IST" duration-ms="10352" status="PASS">
          <reporter-output>
          </reporter-output>
        </test-method> <!-- startfillingform -->
        <test-method signature="messageDisplay()[pri:14, instance:testCases.TC_04FormFilling@27406a17]" started-at="2024-02-15T12:19:54 IST" name="messageDisplay" finished-at="2024-02-15T12:19:57 IST" duration-ms="2121" status="PASS">
          <reporter-output>
          </reporter-output>
        </test-method> <!-- messageDisplay -->
        <test-method is-config="true" signature="teardown()[pri:0, instance:testCases.TC_04FormFilling@27406a17]" started-at="2024-02-15T12:19:57 IST" name="teardown" finished-at="2024-02-15T12:19:58 IST" duration-ms="1317" status="PASS">
          <reporter-output>
          </reporter-output>
        </test-method> <!-- teardown -->
      </class> <!-- testCases.TC_04FormFilling -->
      <class name="testCases.TC_01CourseraPage">
        <test-method is-config="true" signature="setup(java.lang.String,java.lang.String)[pri:0, instance:testCases.TC_01CourseraPage@2eae8e6e]" started-at="2024-02-15T12:11:04 IST" name="setup" finished-at="2024-02-15T12:11:31 IST" duration-ms="26383" status="PASS">
          <params>
            <param index="0">
              <value>
                <![CDATA[windows]]>
              </value>
            </param>
            <param index="1">
              <value>
                <![CDATA[edge]]>
              </value>
            </param>
          </params>
          <reporter-output>
          </reporter-output>
        </test-method> <!-- setup -->
        <test-method signature="surveyvisibility()[pri:1, instance:testCases.TC_01CourseraPage@2eae8e6e]" started-at="2024-02-15T12:11:31 IST" name="surveyvisibility" finished-at="2024-02-15T12:11:32 IST" duration-ms="1462" status="PASS">
          <reporter-output>
          </reporter-output>
        </test-method> <!-- surveyvisibility -->
        <test-method signature="TitleVerification()[pri:2, instance:testCases.TC_01CourseraPage@2eae8e6e]" started-at="2024-02-15T12:11:33 IST" name="TitleVerification" finished-at="2024-02-15T12:11:33 IST" duration-ms="825" status="PASS">
          <reporter-output>
          </reporter-output>
        </test-method> <!-- TitleVerification -->
        <test-method is-config="true" signature="teardown()[pri:0, instance:testCases.TC_01CourseraPage@2eae8e6e]" started-at="2024-02-15T12:11:34 IST" name="teardown" finished-at="2024-02-15T12:11:35 IST" duration-ms="1387" status="PASS">
          <reporter-output>
          </reporter-output>
        </test-method> <!-- teardown -->
      </class> <!-- testCases.TC_01CourseraPage -->
      <class name="testCases.TC_03LanguageLearning">
        <test-method is-config="true" signature="setup(java.lang.String,java.lang.String)[pri:0, instance:testCases.TC_03LanguageLearning@76b1e9b8]" started-at="2024-02-15T12:12:17 IST" name="setup" finished-at="2024-02-15T12:12:39 IST" duration-ms="21791" status="PASS">
          <params>
            <param index="0">
              <value>
                <![CDATA[windows]]>
              </value>
            </param>
            <param index="1">
              <value>
                <![CDATA[edge]]>
              </value>
            </param>
          </params>
          <reporter-output>
          </reporter-output>
        </test-method> <!-- setup -->
        <test-method signature="search_Language()[pri:9, instance:testCases.TC_03LanguageLearning@76b1e9b8]" started-at="2024-02-15T12:12:39 IST" name="search_Language" finished-at="2024-02-15T12:12:50 IST" duration-ms="10853" status="PASS">
          <reporter-output>
          </reporter-output>
        </test-method> <!-- search_Language -->
        <test-method signature="show_FiveCourses()[pri:10, instance:testCases.TC_03LanguageLearning@76b1e9b8]" started-at="2024-02-15T12:12:50 IST" name="show_FiveCourses" finished-at="2024-02-15T12:18:59 IST" duration-ms="368984" status="PASS">
          <reporter-output>
          </reporter-output>
        </test-method> <!-- show_FiveCourses -->
        <test-method is-config="true" signature="teardown()[pri:0, instance:testCases.TC_03LanguageLearning@76b1e9b8]" started-at="2024-02-15T12:18:59 IST" name="teardown" finished-at="2024-02-15T12:19:00 IST" duration-ms="1203" status="PASS">
          <reporter-output>
          </reporter-output>
        </test-method> <!-- teardown -->
      </class> <!-- testCases.TC_03LanguageLearning -->
      <class name="testCases.TC_02Webdevelopment">
        <test-method is-config="true" signature="setup(java.lang.String,java.lang.String)[pri:0, instance:testCases.TC_02Webdevelopment@17f62e33]" started-at="2024-02-15T12:11:35 IST" name="setup" finished-at="2024-02-15T12:11:58 IST" duration-ms="23123" status="PASS">
          <params>
            <param index="0">
              <value>
                <![CDATA[windows]]>
              </value>
            </param>
            <param index="1">
              <value>
                <![CDATA[edge]]>
              </value>
            </param>
          </params>
          <reporter-output>
          </reporter-output>
        </test-method> <!-- setup -->
        <test-method signature="course_search()[pri:3, instance:testCases.TC_02Webdevelopment@17f62e33]" started-at="2024-02-15T12:11:58 IST" name="course_search" finished-at="2024-02-15T12:12:06 IST" duration-ms="7856" status="PASS">
          <reporter-output>
          </reporter-output>
        </test-method> <!-- course_search -->
        <test-method signature="level_select()[pri:4, instance:testCases.TC_02Webdevelopment@17f62e33]" started-at="2024-02-15T12:12:07 IST" name="level_select" finished-at="2024-02-15T12:12:08 IST" duration-ms="1766" status="PASS">
          <reporter-output>
          </reporter-output>
        </test-method> <!-- level_select -->
        <test-method signature="language_select()[pri:5, instance:testCases.TC_02Webdevelopment@17f62e33]" started-at="2024-02-15T12:12:09 IST" name="language_select" finished-at="2024-02-15T12:12:10 IST" duration-ms="973" status="PASS">
          <reporter-output>
          </reporter-output>
        </test-method> <!-- language_select -->
        <test-method signature="ScrolluptoSearch()[pri:6, instance:testCases.TC_02Webdevelopment@17f62e33]" started-at="2024-02-15T12:12:11 IST" name="ScrolluptoSearch" finished-at="2024-02-15T12:12:11 IST" duration-ms="33" status="PASS">
          <reporter-output>
          </reporter-output>
        </test-method> <!-- ScrolluptoSearch -->
        <test-method signature="firstcourseselect()[pri:7, instance:testCases.TC_02Webdevelopment@17f62e33]" started-at="2024-02-15T12:12:12 IST" name="firstcourseselect" finished-at="2024-02-15T12:12:14 IST" duration-ms="2673" status="PASS">
          <reporter-output>
          </reporter-output>
        </test-method> <!-- firstcourseselect -->
        <test-method signature="secondcourseselect()[pri:8, instance:testCases.TC_02Webdevelopment@17f62e33]" started-at="2024-02-15T12:12:15 IST" name="secondcourseselect" finished-at="2024-02-15T12:12:16 IST" duration-ms="934" status="PASS">
          <reporter-output>
          </reporter-output>
        </test-method> <!-- secondcourseselect -->
        <test-method is-config="true" signature="teardown()[pri:0, instance:testCases.TC_02Webdevelopment@17f62e33]" started-at="2024-02-15T12:12:16 IST" name="teardown" finished-at="2024-02-15T12:12:17 IST" duration-ms="1187" status="PASS">
          <reporter-output>
          </reporter-output>
        </test-method> <!-- teardown -->
      </class> <!-- testCases.TC_02Webdevelopment -->
    </test> <!-- Main -->
  </suite> <!-- Suite -->
</testng-results>
